<!doctype html>
<html lang="">
<head>
    <meta charset="UTF-8">
    <meta name="viewport"
          content="width=device-width, user-scalable=no, initial-scale=1.0, maximum-scale=1.0, minimum-scale=1.0">
    <meta http-equiv="X-UA-Compatible" content="ie=edge">
    <title>Test Results Report - LearningAPIAutomationPrograms</title>

    <link href="reportng.css" rel="stylesheet" type="text/css"/>
</head>
<body>
<div id="meta">
Generated by <a href="http://www.testng.org" target="_blank">TestNG</a> with <a href="https://github.com/testng-team/reportng" target="_blank">ReportNG</a>
at 00:50 IST on Monday 12 May 2025
    <br/><span
    id="systemInfo">Vaishak Kini@DESKTOP-11LMHML&nbsp;/&nbsp;Java 22.0.2 (OpenLogic)&nbsp;/&nbsp;Windows 11 10.0 (amd64)</span>
</div>
<h1>LearningAPIAutomationPrograms</h1>

<p>
    <a href="index.html">Suites</a>
        &#183; <a href="output.html">Log Output</a>
</p>

<p>Test duration
    : 20.607s</p>


    <table class="resultsTable">
        <tr>
            <th colspan="3" class="header failed">Failed Tests</th>
        </tr>
            <tr>
                <td class="group" colspan="3">com.thetestingacademy.ex_04_RestAssured_HTTP_Method.DELETE.API_Lab_019_NonBDD_DELETE_RestfulBooker_DeleteBooking</td>
            </tr>
    <tr>
        <td class="method">
                test_DELETE_RestfulBooker_DeleteBooking
        </td>
        <td class="duration">
            1.103s
        </td>
        <td class="result">
            <!-- Display the dependencies for skipped test methods -->


            <!-- Show logger output for the test -->

                <a href="javascript:toggleElement('exception-0', 'block')"
                   title="Click to expand/collapse">
                    <b>java.lang.AssertionError: 1 expectation failed.<br/>
Expected status code &lt;201&gt; but was &lt;403&gt;.<br/>
</b>
                </a>
                <br/>
                <div class="stackTrace" id="exception-0">
                        java.base/jdk.internal.reflect.DirectConstructorHandleAccessor.newInstance(DirectConstructorHandleAccessor.java:62)<br/>
                        java.base/java.lang.reflect.Constructor.newInstanceWithCaller(Constructor.java:502)<br/>
                        java.base/java.lang.reflect.Constructor.newInstance(Constructor.java:486)<br/>
                        org.codehaus.groovy.reflection.CachedConstructor.invoke(CachedConstructor.java:73)<br/>
                        org.codehaus.groovy.runtime.callsite.ConstructorSite$ConstructorSiteNoUnwrapNoCoerce.callConstructor(ConstructorSite.java:108)<br/>
                        org.codehaus.groovy.runtime.callsite.AbstractCallSite.callConstructor(AbstractCallSite.java:277)<br/>
                        io.restassured.internal.ResponseSpecificationImpl$HamcrestAssertionClosure.validate(ResponseSpecificationImpl.groovy:512)<br/>
                        io.restassured.internal.ResponseSpecificationImpl$HamcrestAssertionClosure$validate$1.call(Unknown Source)<br/>
                        io.restassured.internal.ResponseSpecificationImpl.validateResponseIfRequired(ResponseSpecificationImpl.groovy:696)<br/>
                        io.restassured.internal.ResponseSpecificationImpl.this$2$validateResponseIfRequired(ResponseSpecificationImpl.groovy)<br/>
                        java.base/jdk.internal.reflect.DirectMethodHandleAccessor.invoke(DirectMethodHandleAccessor.java:103)<br/>
                        java.base/java.lang.reflect.Method.invoke(Method.java:580)<br/>
                        org.codehaus.groovy.runtime.callsite.PlainObjectMetaMethodSite.doInvoke(PlainObjectMetaMethodSite.java:43)<br/>
                        org.codehaus.groovy.runtime.callsite.PogoMetaMethodSite$PogoCachedMethodSiteNoUnwrapNoCoerce.invoke(PogoMetaMethodSite.java:198)<br/>
                        org.codehaus.groovy.runtime.callsite.PogoMetaMethodSite.callCurrent(PogoMetaMethodSite.java:62)<br/>
                        org.codehaus.groovy.runtime.callsite.AbstractCallSite.callCurrent(AbstractCallSite.java:185)<br/>
                        io.restassured.internal.ResponseSpecificationImpl.statusCode(ResponseSpecificationImpl.groovy:135)<br/>
                        io.restassured.specification.ResponseSpecification$statusCode$0.callCurrent(Unknown Source)<br/>
                        io.restassured.internal.ResponseSpecificationImpl.statusCode(ResponseSpecificationImpl.groovy:143)<br/>
                        io.restassured.internal.ValidatableResponseOptionsImpl.statusCode(ValidatableResponseOptionsImpl.java:89)<br/>
                        com.thetestingacademy.ex_04_RestAssured_HTTP_Method.DELETE.API_Lab_019_NonBDD_DELETE_RestfulBooker_DeleteBooking.test_DELETE_RestfulBooker_DeleteBooking(API_Lab_019_NonBDD_DELETE_RestfulBooker_DeleteBooking.java:34)<br/>
                        java.base/jdk.internal.reflect.DirectMethodHandleAccessor.invoke(DirectMethodHandleAccessor.java:103)<br/>
                        java.base/java.lang.reflect.Method.invoke(Method.java:580)<br/>
                        org.testng.internal.invokers.MethodInvocationHelper.invokeMethod(MethodInvocationHelper.java:141)<br/>
                        org.testng.internal.invokers.TestInvoker.invokeMethod(TestInvoker.java:687)<br/>
                        org.testng.internal.invokers.TestInvoker.invokeTestMethod(TestInvoker.java:230)<br/>
                        org.testng.internal.invokers.MethodRunner.runInSequence(MethodRunner.java:63)<br/>
                        org.testng.internal.invokers.TestInvoker$MethodInvocationAgent.invoke(TestInvoker.java:995)<br/>
                        org.testng.internal.invokers.TestInvoker.invokeTestMethods(TestInvoker.java:203)<br/>
                        org.testng.internal.invokers.TestMethodWorker.invokeTestMethods(TestMethodWorker.java:154)<br/>
                        org.testng.internal.invokers.TestMethodWorker.run(TestMethodWorker.java:134)<br/>
                        java.base/java.util.ArrayList.forEach(ArrayList.java:1597)<br/>
                        org.testng.TestRunner.privateRun(TestRunner.java:741)<br/>
                        org.testng.TestRunner.run(TestRunner.java:616)<br/>
                        org.testng.SuiteRunner.runTest(SuiteRunner.java:421)<br/>
                        org.testng.SuiteRunner.runSequentially(SuiteRunner.java:413)<br/>
                        org.testng.SuiteRunner.privateRun(SuiteRunner.java:373)<br/>
                        org.testng.SuiteRunner.run(SuiteRunner.java:312)<br/>
                        org.testng.SuiteRunnerWorker.runSuite(SuiteRunnerWorker.java:52)<br/>
                        org.testng.SuiteRunnerWorker.run(SuiteRunnerWorker.java:95)<br/>
                        org.testng.TestNG.runSuitesSequentially(TestNG.java:1274)<br/>
                        org.testng.TestNG.runSuitesLocally(TestNG.java:1208)<br/>
                        org.testng.TestNG.runSuites(TestNG.java:1112)<br/>
                        org.testng.TestNG.run(TestNG.java:1079)<br/>
                        com.intellij.rt.testng.IDEARemoteTestNG.run(IDEARemoteTestNG.java:65)<br/>
                        com.intellij.rt.testng.RemoteTestNGStarter.main(RemoteTestNGStarter.java:105)<br/>
                </div>
        </td>
    </tr>
            <tr>
                <td class="group" colspan="3">com.thetestingacademy.ex_04_RestAssured_HTTP_Method.GET.API_Lab012_GET_NonBDDStyle_RestfulBooker_BookingId</td>
            </tr>
    <tr>
        <td class="method">
                test_GET_Positive_RestfulBooker_BookingId
        </td>
        <td class="duration">
            1.345s
        </td>
        <td class="result">
            <!-- Display the dependencies for skipped test methods -->


            <!-- Show logger output for the test -->

                <a href="javascript:toggleElement('exception-1', 'block')"
                   title="Click to expand/collapse">
                    <b>java.lang.AssertionError: 1 expectation failed.<br/>
Expected status code &lt;200&gt; but was &lt;404&gt;.<br/>
</b>
                </a>
                <br/>
                <div class="stackTrace" id="exception-1">
                        java.base/jdk.internal.reflect.DirectConstructorHandleAccessor.newInstance(DirectConstructorHandleAccessor.java:62)<br/>
                        java.base/java.lang.reflect.Constructor.newInstanceWithCaller(Constructor.java:502)<br/>
                        java.base/java.lang.reflect.Constructor.newInstance(Constructor.java:486)<br/>
                        org.codehaus.groovy.reflection.CachedConstructor.invoke(CachedConstructor.java:73)<br/>
                        org.codehaus.groovy.runtime.callsite.ConstructorSite$ConstructorSiteNoUnwrapNoCoerce.callConstructor(ConstructorSite.java:108)<br/>
                        org.codehaus.groovy.runtime.callsite.CallSiteArray.defaultCallConstructor(CallSiteArray.java:57)<br/>
                        org.codehaus.groovy.runtime.callsite.AbstractCallSite.callConstructor(AbstractCallSite.java:263)<br/>
                        org.codehaus.groovy.runtime.callsite.AbstractCallSite.callConstructor(AbstractCallSite.java:277)<br/>
                        io.restassured.internal.ResponseSpecificationImpl$HamcrestAssertionClosure.validate(ResponseSpecificationImpl.groovy:512)<br/>
                        io.restassured.internal.ResponseSpecificationImpl$HamcrestAssertionClosure$validate$1.call(Unknown Source)<br/>
                        io.restassured.internal.ResponseSpecificationImpl.validateResponseIfRequired(ResponseSpecificationImpl.groovy:696)<br/>
                        io.restassured.internal.ResponseSpecificationImpl.this$2$validateResponseIfRequired(ResponseSpecificationImpl.groovy)<br/>
                        java.base/jdk.internal.reflect.DirectMethodHandleAccessor.invoke(DirectMethodHandleAccessor.java:103)<br/>
                        java.base/java.lang.reflect.Method.invoke(Method.java:580)<br/>
                        org.codehaus.groovy.runtime.callsite.PlainObjectMetaMethodSite.doInvoke(PlainObjectMetaMethodSite.java:43)<br/>
                        org.codehaus.groovy.runtime.callsite.PogoMetaMethodSite$PogoCachedMethodSiteNoUnwrapNoCoerce.invoke(PogoMetaMethodSite.java:198)<br/>
                        org.codehaus.groovy.runtime.callsite.PogoMetaMethodSite.callCurrent(PogoMetaMethodSite.java:62)<br/>
                        org.codehaus.groovy.runtime.callsite.AbstractCallSite.callCurrent(AbstractCallSite.java:185)<br/>
                        io.restassured.internal.ResponseSpecificationImpl.statusCode(ResponseSpecificationImpl.groovy:135)<br/>
                        io.restassured.specification.ResponseSpecification$statusCode$0.callCurrent(Unknown Source)<br/>
                        io.restassured.internal.ResponseSpecificationImpl.statusCode(ResponseSpecificationImpl.groovy:143)<br/>
                        io.restassured.internal.ValidatableResponseOptionsImpl.statusCode(ValidatableResponseOptionsImpl.java:89)<br/>
                        com.thetestingacademy.ex_04_RestAssured_HTTP_Method.GET.API_Lab012_GET_NonBDDStyle_RestfulBooker_BookingId.test_GET_Positive_RestfulBooker_BookingId(API_Lab012_GET_NonBDDStyle_RestfulBooker_BookingId.java:29)<br/>
                        java.base/jdk.internal.reflect.DirectMethodHandleAccessor.invoke(DirectMethodHandleAccessor.java:103)<br/>
                        java.base/java.lang.reflect.Method.invoke(Method.java:580)<br/>
                        org.testng.internal.invokers.MethodInvocationHelper.invokeMethod(MethodInvocationHelper.java:141)<br/>
                        org.testng.internal.invokers.TestInvoker.invokeMethod(TestInvoker.java:687)<br/>
                        org.testng.internal.invokers.TestInvoker.invokeTestMethod(TestInvoker.java:230)<br/>
                        org.testng.internal.invokers.MethodRunner.runInSequence(MethodRunner.java:63)<br/>
                        org.testng.internal.invokers.TestInvoker$MethodInvocationAgent.invoke(TestInvoker.java:995)<br/>
                        org.testng.internal.invokers.TestInvoker.invokeTestMethods(TestInvoker.java:203)<br/>
                        org.testng.internal.invokers.TestMethodWorker.invokeTestMethods(TestMethodWorker.java:154)<br/>
                        org.testng.internal.invokers.TestMethodWorker.run(TestMethodWorker.java:134)<br/>
                        java.base/java.util.ArrayList.forEach(ArrayList.java:1597)<br/>
                        org.testng.TestRunner.privateRun(TestRunner.java:741)<br/>
                        org.testng.TestRunner.run(TestRunner.java:616)<br/>
                        org.testng.SuiteRunner.runTest(SuiteRunner.java:421)<br/>
                        org.testng.SuiteRunner.runSequentially(SuiteRunner.java:413)<br/>
                        org.testng.SuiteRunner.privateRun(SuiteRunner.java:373)<br/>
                        org.testng.SuiteRunner.run(SuiteRunner.java:312)<br/>
                        org.testng.SuiteRunnerWorker.runSuite(SuiteRunnerWorker.java:52)<br/>
                        org.testng.SuiteRunnerWorker.run(SuiteRunnerWorker.java:95)<br/>
                        org.testng.TestNG.runSuitesSequentially(TestNG.java:1274)<br/>
                        org.testng.TestNG.runSuitesLocally(TestNG.java:1208)<br/>
                        org.testng.TestNG.runSuites(TestNG.java:1112)<br/>
                        org.testng.TestNG.run(TestNG.java:1079)<br/>
                        com.intellij.rt.testng.IDEARemoteTestNG.run(IDEARemoteTestNG.java:65)<br/>
                        com.intellij.rt.testng.RemoteTestNGStarter.main(RemoteTestNGStarter.java:105)<br/>
                </div>
        </td>
    </tr>
            <tr>
                <td class="group" colspan="3">com.thetestingacademy.ex_04_RestAssured_HTTP_Method.PATCH.API_Lab_018_NonBDD_PATCH_RestfulBooker_UpdatePartialBooking</td>
            </tr>
    <tr>
        <td class="method">
                test_PATCH_RestfulBooker_UpdatePartialBooking
        </td>
        <td class="duration">
            1.067s
        </td>
        <td class="result">
            <!-- Display the dependencies for skipped test methods -->


            <!-- Show logger output for the test -->

                <a href="javascript:toggleElement('exception-2', 'block')"
                   title="Click to expand/collapse">
                    <b>java.lang.AssertionError: 1 expectation failed.<br/>
Expected status code &lt;200&gt; but was &lt;403&gt;.<br/>
</b>
                </a>
                <br/>
                <div class="stackTrace" id="exception-2">
                        java.base/jdk.internal.reflect.DirectConstructorHandleAccessor.newInstance(DirectConstructorHandleAccessor.java:62)<br/>
                        java.base/java.lang.reflect.Constructor.newInstanceWithCaller(Constructor.java:502)<br/>
                        java.base/java.lang.reflect.Constructor.newInstance(Constructor.java:486)<br/>
                        org.codehaus.groovy.reflection.CachedConstructor.invoke(CachedConstructor.java:73)<br/>
                        org.codehaus.groovy.runtime.callsite.ConstructorSite$ConstructorSiteNoUnwrapNoCoerce.callConstructor(ConstructorSite.java:108)<br/>
                        org.codehaus.groovy.runtime.callsite.AbstractCallSite.callConstructor(AbstractCallSite.java:277)<br/>
                        io.restassured.internal.ResponseSpecificationImpl$HamcrestAssertionClosure.validate(ResponseSpecificationImpl.groovy:512)<br/>
                        io.restassured.internal.ResponseSpecificationImpl$HamcrestAssertionClosure$validate$1.call(Unknown Source)<br/>
                        io.restassured.internal.ResponseSpecificationImpl.validateResponseIfRequired(ResponseSpecificationImpl.groovy:696)<br/>
                        io.restassured.internal.ResponseSpecificationImpl.this$2$validateResponseIfRequired(ResponseSpecificationImpl.groovy)<br/>
                        java.base/jdk.internal.reflect.DirectMethodHandleAccessor.invoke(DirectMethodHandleAccessor.java:103)<br/>
                        java.base/java.lang.reflect.Method.invoke(Method.java:580)<br/>
                        org.codehaus.groovy.runtime.callsite.PlainObjectMetaMethodSite.doInvoke(PlainObjectMetaMethodSite.java:43)<br/>
                        org.codehaus.groovy.runtime.callsite.PogoMetaMethodSite$PogoCachedMethodSiteNoUnwrapNoCoerce.invoke(PogoMetaMethodSite.java:198)<br/>
                        org.codehaus.groovy.runtime.callsite.PogoMetaMethodSite.callCurrent(PogoMetaMethodSite.java:62)<br/>
                        org.codehaus.groovy.runtime.callsite.AbstractCallSite.callCurrent(AbstractCallSite.java:185)<br/>
                        io.restassured.internal.ResponseSpecificationImpl.statusCode(ResponseSpecificationImpl.groovy:135)<br/>
                        io.restassured.specification.ResponseSpecification$statusCode$0.callCurrent(Unknown Source)<br/>
                        io.restassured.internal.ResponseSpecificationImpl.statusCode(ResponseSpecificationImpl.groovy:143)<br/>
                        io.restassured.internal.ValidatableResponseOptionsImpl.statusCode(ValidatableResponseOptionsImpl.java:89)<br/>
                        com.thetestingacademy.ex_04_RestAssured_HTTP_Method.PATCH.API_Lab_018_NonBDD_PATCH_RestfulBooker_UpdatePartialBooking.test_PATCH_RestfulBooker_UpdatePartialBooking(API_Lab_018_NonBDD_PATCH_RestfulBooker_UpdatePartialBooking.java:39)<br/>
                        java.base/jdk.internal.reflect.DirectMethodHandleAccessor.invoke(DirectMethodHandleAccessor.java:103)<br/>
                        java.base/java.lang.reflect.Method.invoke(Method.java:580)<br/>
                        org.testng.internal.invokers.MethodInvocationHelper.invokeMethod(MethodInvocationHelper.java:141)<br/>
                        org.testng.internal.invokers.TestInvoker.invokeMethod(TestInvoker.java:687)<br/>
                        org.testng.internal.invokers.TestInvoker.invokeTestMethod(TestInvoker.java:230)<br/>
                        org.testng.internal.invokers.MethodRunner.runInSequence(MethodRunner.java:63)<br/>
                        org.testng.internal.invokers.TestInvoker$MethodInvocationAgent.invoke(TestInvoker.java:995)<br/>
                        org.testng.internal.invokers.TestInvoker.invokeTestMethods(TestInvoker.java:203)<br/>
                        org.testng.internal.invokers.TestMethodWorker.invokeTestMethods(TestMethodWorker.java:154)<br/>
                        org.testng.internal.invokers.TestMethodWorker.run(TestMethodWorker.java:134)<br/>
                        java.base/java.util.ArrayList.forEach(ArrayList.java:1597)<br/>
                        org.testng.TestRunner.privateRun(TestRunner.java:741)<br/>
                        org.testng.TestRunner.run(TestRunner.java:616)<br/>
                        org.testng.SuiteRunner.runTest(SuiteRunner.java:421)<br/>
                        org.testng.SuiteRunner.runSequentially(SuiteRunner.java:413)<br/>
                        org.testng.SuiteRunner.privateRun(SuiteRunner.java:373)<br/>
                        org.testng.SuiteRunner.run(SuiteRunner.java:312)<br/>
                        org.testng.SuiteRunnerWorker.runSuite(SuiteRunnerWorker.java:52)<br/>
                        org.testng.SuiteRunnerWorker.run(SuiteRunnerWorker.java:95)<br/>
                        org.testng.TestNG.runSuitesSequentially(TestNG.java:1274)<br/>
                        org.testng.TestNG.runSuitesLocally(TestNG.java:1208)<br/>
                        org.testng.TestNG.runSuites(TestNG.java:1112)<br/>
                        org.testng.TestNG.run(TestNG.java:1079)<br/>
                        com.intellij.rt.testng.IDEARemoteTestNG.run(IDEARemoteTestNG.java:65)<br/>
                        com.intellij.rt.testng.RemoteTestNGStarter.main(RemoteTestNGStarter.java:105)<br/>
                </div>
        </td>
    </tr>
            <tr>
                <td class="group" colspan="3">com.thetestingacademy.ex_04_RestAssured_HTTP_Method.PUT.API_Lab_017_NonBDD_PUT_RestfulBooker_UpdateBooking</td>
            </tr>
    <tr>
        <td class="method">
                test_PUT_RestfulBooker_UpdateBooking
        </td>
        <td class="duration">
            1.717s
        </td>
        <td class="result">
            <!-- Display the dependencies for skipped test methods -->


            <!-- Show logger output for the test -->

                <a href="javascript:toggleElement('exception-3', 'block')"
                   title="Click to expand/collapse">
                    <b>java.lang.AssertionError: 1 expectation failed.<br/>
Expected status code &lt;200&gt; but was &lt;403&gt;.<br/>
</b>
                </a>
                <br/>
                <div class="stackTrace" id="exception-3">
                        java.base/jdk.internal.reflect.DirectConstructorHandleAccessor.newInstance(DirectConstructorHandleAccessor.java:62)<br/>
                        java.base/java.lang.reflect.Constructor.newInstanceWithCaller(Constructor.java:502)<br/>
                        java.base/java.lang.reflect.Constructor.newInstance(Constructor.java:486)<br/>
                        org.codehaus.groovy.reflection.CachedConstructor.invoke(CachedConstructor.java:73)<br/>
                        org.codehaus.groovy.runtime.callsite.ConstructorSite$ConstructorSiteNoUnwrapNoCoerce.callConstructor(ConstructorSite.java:108)<br/>
                        org.codehaus.groovy.runtime.callsite.AbstractCallSite.callConstructor(AbstractCallSite.java:277)<br/>
                        io.restassured.internal.ResponseSpecificationImpl$HamcrestAssertionClosure.validate(ResponseSpecificationImpl.groovy:512)<br/>
                        io.restassured.internal.ResponseSpecificationImpl$HamcrestAssertionClosure$validate$1.call(Unknown Source)<br/>
                        io.restassured.internal.ResponseSpecificationImpl.validateResponseIfRequired(ResponseSpecificationImpl.groovy:696)<br/>
                        io.restassured.internal.ResponseSpecificationImpl.this$2$validateResponseIfRequired(ResponseSpecificationImpl.groovy)<br/>
                        java.base/jdk.internal.reflect.DirectMethodHandleAccessor.invoke(DirectMethodHandleAccessor.java:103)<br/>
                        java.base/java.lang.reflect.Method.invoke(Method.java:580)<br/>
                        org.codehaus.groovy.runtime.callsite.PlainObjectMetaMethodSite.doInvoke(PlainObjectMetaMethodSite.java:43)<br/>
                        org.codehaus.groovy.runtime.callsite.PogoMetaMethodSite$PogoCachedMethodSiteNoUnwrapNoCoerce.invoke(PogoMetaMethodSite.java:198)<br/>
                        org.codehaus.groovy.runtime.callsite.PogoMetaMethodSite.callCurrent(PogoMetaMethodSite.java:62)<br/>
                        org.codehaus.groovy.runtime.callsite.AbstractCallSite.callCurrent(AbstractCallSite.java:185)<br/>
                        io.restassured.internal.ResponseSpecificationImpl.statusCode(ResponseSpecificationImpl.groovy:135)<br/>
                        io.restassured.specification.ResponseSpecification$statusCode$0.callCurrent(Unknown Source)<br/>
                        io.restassured.internal.ResponseSpecificationImpl.statusCode(ResponseSpecificationImpl.groovy:143)<br/>
                        io.restassured.internal.ValidatableResponseOptionsImpl.statusCode(ValidatableResponseOptionsImpl.java:89)<br/>
                        com.thetestingacademy.ex_04_RestAssured_HTTP_Method.PUT.API_Lab_017_NonBDD_PUT_RestfulBooker_UpdateBooking.test_PUT_RestfulBooker_UpdateBooking(API_Lab_017_NonBDD_PUT_RestfulBooker_UpdateBooking.java:46)<br/>
                        java.base/jdk.internal.reflect.DirectMethodHandleAccessor.invoke(DirectMethodHandleAccessor.java:103)<br/>
                        java.base/java.lang.reflect.Method.invoke(Method.java:580)<br/>
                        org.testng.internal.invokers.MethodInvocationHelper.invokeMethod(MethodInvocationHelper.java:141)<br/>
                        org.testng.internal.invokers.TestInvoker.invokeMethod(TestInvoker.java:687)<br/>
                        org.testng.internal.invokers.TestInvoker.invokeTestMethod(TestInvoker.java:230)<br/>
                        org.testng.internal.invokers.MethodRunner.runInSequence(MethodRunner.java:63)<br/>
                        org.testng.internal.invokers.TestInvoker$MethodInvocationAgent.invoke(TestInvoker.java:995)<br/>
                        org.testng.internal.invokers.TestInvoker.invokeTestMethods(TestInvoker.java:203)<br/>
                        org.testng.internal.invokers.TestMethodWorker.invokeTestMethods(TestMethodWorker.java:154)<br/>
                        org.testng.internal.invokers.TestMethodWorker.run(TestMethodWorker.java:134)<br/>
                        java.base/java.util.ArrayList.forEach(ArrayList.java:1597)<br/>
                        org.testng.TestRunner.privateRun(TestRunner.java:741)<br/>
                        org.testng.TestRunner.run(TestRunner.java:616)<br/>
                        org.testng.SuiteRunner.runTest(SuiteRunner.java:421)<br/>
                        org.testng.SuiteRunner.runSequentially(SuiteRunner.java:413)<br/>
                        org.testng.SuiteRunner.privateRun(SuiteRunner.java:373)<br/>
                        org.testng.SuiteRunner.run(SuiteRunner.java:312)<br/>
                        org.testng.SuiteRunnerWorker.runSuite(SuiteRunnerWorker.java:52)<br/>
                        org.testng.SuiteRunnerWorker.run(SuiteRunnerWorker.java:95)<br/>
                        org.testng.TestNG.runSuitesSequentially(TestNG.java:1274)<br/>
                        org.testng.TestNG.runSuitesLocally(TestNG.java:1208)<br/>
                        org.testng.TestNG.runSuites(TestNG.java:1112)<br/>
                        org.testng.TestNG.run(TestNG.java:1079)<br/>
                        com.intellij.rt.testng.IDEARemoteTestNG.run(IDEARemoteTestNG.java:65)<br/>
                        com.intellij.rt.testng.RemoteTestNGStarter.main(RemoteTestNGStarter.java:105)<br/>
                </div>
        </td>
    </tr>
    </table>


    <table class="resultsTable" width="100%">
        <tr>
            <th colspan="3" class="header passed">Passed Tests</th>
        </tr>
            <tr>
                <td class="group" colspan="3">com.thetestingacademy.ex_04_RestAssured_HTTP_Method.GET.API_Lab011_GET_NonBDDStyle_RestfulBooker_AllBookings</td>
            </tr>
    <tr>
        <td class="method">
                test_GET_RestfulBooker_Booking
        </td>
        <td class="duration">
            5.834s
        </td>
        <td class="result">
            <!-- Display the dependencies for skipped test methods -->


            <!-- Show logger output for the test -->

        </td>
    </tr>
            <tr>
                <td class="group" colspan="3">com.thetestingacademy.ex_04_RestAssured_HTTP_Method.GET.API_Lab012_GET_NonBDDStyle_RestfulBooker_BookingId</td>
            </tr>
    <tr>
        <td class="method">
                test_GET_Negative_RestfulBooker_BookingId
        </td>
        <td class="duration">
            1.087s
        </td>
        <td class="result">
            <!-- Display the dependencies for skipped test methods -->


            <!-- Show logger output for the test -->

        </td>
    </tr>
            <tr>
                <td class="group" colspan="3">com.thetestingacademy.ex_04_RestAssured_HTTP_Method.GET.API_Lab036_NonBDDStyle_RestfulBooker_PingHealthCheck</td>
            </tr>
    <tr>
        <td class="method">
                test_GET_RestfulBooker_PingHealthCheck
        </td>
        <td class="duration">
            6.076s
        </td>
        <td class="result">
            <!-- Display the dependencies for skipped test methods -->


            <!-- Show logger output for the test -->

        </td>
    </tr>
            <tr>
                <td class="group" colspan="3">com.thetestingacademy.ex_04_RestAssured_HTTP_Method.POST.API_Lab014_POST_NonBDDStyle_RestfulBooker_CreateToken</td>
            </tr>
    <tr>
        <td class="method">
                test_Post_CreateToken_RestfulBooker
        </td>
        <td class="duration">
            1.258s
        </td>
        <td class="result">
            <!-- Display the dependencies for skipped test methods -->


            <!-- Show logger output for the test -->

        </td>
    </tr>
            <tr>
                <td class="group" colspan="3">com.thetestingacademy.ex_04_RestAssured_HTTP_Method.POST.API_Lab016_POST_NonBDDStyle_RestfulBooker_CreateBooking</td>
            </tr>
    <tr>
        <td class="method">
                test_NonBDD_RestfulBooker_CreateBooking
        </td>
        <td class="duration">
            1.120s
        </td>
        <td class="result">
            <!-- Display the dependencies for skipped test methods -->


            <!-- Show logger output for the test -->

        </td>
    </tr>
    </table>

<script type="text/javascript" src="reportng.js"></script>
</body>
